{
  "stats": {
    "suites": 2,
    "tests": 11,
    "passes": 11,
    "pending": 0,
    "failures": 0,
    "testsRegistered": 11,
    "passPercent": 100,
    "pendingPercent": 0,
    "other": 0,
    "hasOther": false,
    "skipped": 0,
    "hasSkipped": false,
    "start": "2025-08-14T12:53:55.495Z",
    "end": "2025-08-14T12:54:15.238Z",
    "duration": 19743
  },
  "results": [
    {
      "uuid": "21d9793a-d394-45aa-a2f3-57e2035c3a0a",
      "title": "",
      "fullFile": "cypress\\integration\\sort.test.js",
      "file": "cypress\\integration\\sort.test.js",
      "beforeHooks": [],
      "afterHooks": [],
      "tests": [],
      "suites": [
        {
          "uuid": "88e03b45-ee0e-479a-9353-af005db9c5ab",
          "title": "Sort Products",
          "fullFile": "",
          "file": "",
          "beforeHooks": [],
          "afterHooks": [],
          "tests": [
            {
              "title": "Sort Name A-Z",
              "fullTitle": "Sort Products Sort Name A-Z",
              "timedOut": null,
              "duration": 2584,
              "state": "passed",
              "speed": "fast",
              "pass": true,
              "fail": false,
              "pending": false,
              "context": null,
              "code": "sortPage.selectSort('az');\nsortPage.getProductNames().then(names => {\n  const sortedNames = [...names].sort();\n  expect(names).to.deep.equal(sortedNames);\n});",
              "err": {},
              "uuid": "ae125873-1a2c-4639-b5b8-6b326ee70c8c",
              "parentUUID": "88e03b45-ee0e-479a-9353-af005db9c5ab",
              "isHook": false,
              "skipped": false
            },
            {
              "title": "Sort Name Z-A",
              "fullTitle": "Sort Products Sort Name Z-A",
              "timedOut": null,
              "duration": 1178,
              "state": "passed",
              "speed": "fast",
              "pass": true,
              "fail": false,
              "pending": false,
              "context": null,
              "code": "sortPage.selectSort('za');\nsortPage.getProductNames().then(names => {\n  const sortedNames = [...names].sort().reverse();\n  expect(names).to.deep.equal(sortedNames);\n});",
              "err": {},
              "uuid": "79e6e76a-1758-431b-9b58-fac05661705b",
              "parentUUID": "88e03b45-ee0e-479a-9353-af005db9c5ab",
              "isHook": false,
              "skipped": false
            },
            {
              "title": "Sort Price Low to High",
              "fullTitle": "Sort Products Sort Price Low to High",
              "timedOut": null,
              "duration": 1389,
              "state": "passed",
              "speed": "fast",
              "pass": true,
              "fail": false,
              "pending": false,
              "context": null,
              "code": "sortPage.selectSort('lohi');\nsortPage.getProductPrices().then(prices => {\n  const sortedPrices = [...prices].sort((a, b) => a - b);\n  expect(prices).to.deep.equal(sortedPrices);\n});",
              "err": {},
              "uuid": "0c5f3b5c-d0c4-4642-aa70-702b0e8c8877",
              "parentUUID": "88e03b45-ee0e-479a-9353-af005db9c5ab",
              "isHook": false,
              "skipped": false
            },
            {
              "title": "Sort Price High to Low",
              "fullTitle": "Sort Products Sort Price High to Low",
              "timedOut": null,
              "duration": 1183,
              "state": "passed",
              "speed": "fast",
              "pass": true,
              "fail": false,
              "pending": false,
              "context": null,
              "code": "sortPage.selectSort('hilo');\nsortPage.getProductPrices().then(prices => {\n  const sortedPrices = [...prices].sort((a, b) => b - a);\n  expect(prices).to.deep.equal(sortedPrices);\n});",
              "err": {},
              "uuid": "d24581a9-b632-4533-9299-753446ee9fd8",
              "parentUUID": "88e03b45-ee0e-479a-9353-af005db9c5ab",
              "isHook": false,
              "skipped": false
            }
          ],
          "suites": [],
          "passes": [
            "ae125873-1a2c-4639-b5b8-6b326ee70c8c",
            "79e6e76a-1758-431b-9b58-fac05661705b",
            "0c5f3b5c-d0c4-4642-aa70-702b0e8c8877",
            "d24581a9-b632-4533-9299-753446ee9fd8"
          ],
          "failures": [],
          "pending": [],
          "skipped": [],
          "duration": 6334,
          "root": false,
          "rootEmpty": false,
          "_timeout": 2000
        }
      ],
      "passes": [],
      "failures": [],
      "pending": [],
      "skipped": [],
      "duration": 0,
      "root": true,
      "rootEmpty": true,
      "_timeout": 2000
    },
    {
      "uuid": "b12dd36b-8ed1-41dd-a165-7b2b32b06f94",
      "title": "",
      "fullFile": "cypress\\integration\\Login.test.js",
      "file": "cypress\\integration\\Login.test.js",
      "beforeHooks": [],
      "afterHooks": [],
      "tests": [],
      "suites": [
        {
          "uuid": "af183385-57b5-4936-afa3-c18f0f499539",
          "title": "login feature validation",
          "fullFile": "",
          "file": "",
          "beforeHooks": [],
          "afterHooks": [],
          "tests": [
            {
              "title": "Should login succesfully with credential",
              "fullTitle": "login feature validation Should login succesfully with credential",
              "timedOut": null,
              "duration": 2204,
              "state": "passed",
              "speed": "fast",
              "pass": true,
              "fail": false,
              "pending": false,
              "context": null,
              "code": "const credentials = this.cred; // Menggunakan data yang dimuat dari fixture\nloginPage.login(credentials.validCredentials.username, credentials.validCredentials.password);\ncy.url().should('include', '/inventory.html'); // Memastikan URL mengandung /inventory.html setelah login",
              "err": {},
              "uuid": "45cc3c53-7a91-443e-b986-3edc74d3db81",
              "parentUUID": "af183385-57b5-4936-afa3-c18f0f499539",
              "isHook": false,
              "skipped": false
            },
            {
              "title": "Should fail to login with invalid username and valid password",
              "fullTitle": "login feature validation Should fail to login with invalid username and valid password",
              "timedOut": null,
              "duration": 976,
              "state": "passed",
              "speed": "fast",
              "pass": true,
              "fail": false,
              "pending": false,
              "context": null,
              "code": "const credentials = this.cred; // Menggunakan data yang dimuat dari fixture\nloginPage.login(credentials.validPassword.username, credentials.validPassword.password);\ncy.get('[data-test=\"error\"]').should('be.visible').and('have.text', 'Epic sadface: Username and password do not match any user in this service');",
              "err": {},
              "uuid": "eb2e2993-5f76-453e-a784-42dc7d17a618",
              "parentUUID": "af183385-57b5-4936-afa3-c18f0f499539",
              "isHook": false,
              "skipped": false
            },
            {
              "title": "Should fail to login with valid username and invalid password",
              "fullTitle": "login feature validation Should fail to login with valid username and invalid password",
              "timedOut": null,
              "duration": 1229,
              "state": "passed",
              "speed": "fast",
              "pass": true,
              "fail": false,
              "pending": false,
              "context": null,
              "code": "const credentials = this.cred; // Menggunakan data yang dimuat dari fixture\nloginPage.login(credentials.validUsername.username, credentials.validUsername.password);\ncy.get('[data-test=\"error\"]').should('be.visible').and('have.text', 'Epic sadface: Username and password do not match any user in this service');",
              "err": {},
              "uuid": "a6c9aad7-325a-47ff-8951-1f5e2498eb49",
              "parentUUID": "af183385-57b5-4936-afa3-c18f0f499539",
              "isHook": false,
              "skipped": false
            },
            {
              "title": "Should fail to login with invalid username and invalid password",
              "fullTitle": "login feature validation Should fail to login with invalid username and invalid password",
              "timedOut": null,
              "duration": 940,
              "state": "passed",
              "speed": "fast",
              "pass": true,
              "fail": false,
              "pending": false,
              "context": null,
              "code": "const credentials = this.cred; // Menggunakan data yang dimuat dari fixture\nloginPage.login(credentials.invalidCredentials.username, credentials.invalidCredentials.password);\ncy.get('[data-test=\"error\"]').should('be.visible').and('have.text', 'Epic sadface: Username and password do not match any user in this service');",
              "err": {},
              "uuid": "7a3af347-6d4a-4073-88dc-8a62b126b5fc",
              "parentUUID": "af183385-57b5-4936-afa3-c18f0f499539",
              "isHook": false,
              "skipped": false
            },
            {
              "title": "Should fail to login with valid username and empty password",
              "fullTitle": "login feature validation Should fail to login with valid username and empty password",
              "timedOut": null,
              "duration": 664,
              "state": "passed",
              "speed": "fast",
              "pass": true,
              "fail": false,
              "pending": false,
              "context": null,
              "code": "const credentials = this.cred; // Menggunakan data yang dimuat dari fixture\nloginPage.login(credentials.emptyPassword.username, credentials.emptyPassword.password);\ncy.get('[data-test=\"error\"]').should('be.visible').and('have.text', 'Epic sadface: Password is required');",
              "err": {},
              "uuid": "9483a28c-2904-455a-bad3-08d9596ad3fd",
              "parentUUID": "af183385-57b5-4936-afa3-c18f0f499539",
              "isHook": false,
              "skipped": false
            },
            {
              "title": "Should fail to login with empty username and valid password",
              "fullTitle": "login feature validation Should fail to login with empty username and valid password",
              "timedOut": null,
              "duration": 674,
              "state": "passed",
              "speed": "fast",
              "pass": true,
              "fail": false,
              "pending": false,
              "context": null,
              "code": "const credentials = this.cred; // Menggunakan data yang dimuat dari fixture\nloginPage.login(credentials.emptyUsername.username, credentials.emptyUsername.password);\ncy.get('[data-test=\"error\"]').should('be.visible').and('have.text', 'Epic sadface: Username is required');",
              "err": {},
              "uuid": "e216e816-b78f-412e-bd1f-f1b15d24594f",
              "parentUUID": "af183385-57b5-4936-afa3-c18f0f499539",
              "isHook": false,
              "skipped": false
            },
            {
              "title": "Should fail to login with empty username and empty password",
              "fullTitle": "login feature validation Should fail to login with empty username and empty password",
              "timedOut": null,
              "duration": 337,
              "state": "passed",
              "speed": "fast",
              "pass": true,
              "fail": false,
              "pending": false,
              "context": null,
              "code": "const credentials = this.cred; // Menggunakan data yang dimuat dari fixture\nloginPage.login(credentials.emptyCredentials.username, credentials.emptyCredentials.password);\ncy.get('[data-test=\"error\"]').should('be.visible').and('have.text', 'Epic sadface: Username is required');",
              "err": {},
              "uuid": "1831014c-75ec-4330-a7ff-086717b8915f",
              "parentUUID": "af183385-57b5-4936-afa3-c18f0f499539",
              "isHook": false,
              "skipped": false
            }
          ],
          "suites": [],
          "passes": [
            "45cc3c53-7a91-443e-b986-3edc74d3db81",
            "eb2e2993-5f76-453e-a784-42dc7d17a618",
            "a6c9aad7-325a-47ff-8951-1f5e2498eb49",
            "7a3af347-6d4a-4073-88dc-8a62b126b5fc",
            "9483a28c-2904-455a-bad3-08d9596ad3fd",
            "e216e816-b78f-412e-bd1f-f1b15d24594f",
            "1831014c-75ec-4330-a7ff-086717b8915f"
          ],
          "failures": [],
          "pending": [],
          "skipped": [],
          "duration": 7024,
          "root": false,
          "rootEmpty": false,
          "_timeout": 2000
        }
      ],
      "passes": [],
      "failures": [],
      "pending": [],
      "skipped": [],
      "duration": 0,
      "root": true,
      "rootEmpty": true,
      "_timeout": 2000
    }
  ],
  "meta": {
    "mocha": {
      "version": "7.2.0"
    },
    "mochawesome": {
      "options": {
        "quiet": false,
        "reportFilename": "mochawesome",
        "saveHtml": false,
        "saveJson": true,
        "consoleReporter": "spec",
        "useInlineDiffs": false,
        "code": true
      },
      "version": "7.1.3"
    },
    "marge": {
      "options": {
        "reportDir": "cypress/results",
        "overwrite": false,
        "html": false
      },
      "version": "6.2.0"
    }
  }
}